<?xml version="1.0" encoding="UTF-8"?>
<!-- Generated by org.testng.reporters.JUnitReportReporter -->
<testsuite hostname="MacBook-Pro-de-Juan.local" failures="0" tests="2" name="android.tests.LoginTests" time="12.817" errors="0" timestamp="17 jul. 2022 20:47:39 GMT" skipped="0">
  <testcase classname="android.tests.LoginTests" name="positiveLogin" time="6.257"/>
  <testcase classname="android.tests.LoginTests" name="positiveLogin2" time="6.560"/>
</testsuite> <!-- android.tests.LoginTests -->
