<?xml version="1.0" encoding="UTF-8"?>
<!-- Generated by org.testng.reporters.JUnitReportReporter -->
<testsuite hostname="MacBook-Pro-de-Juan.local" failures="0" tests="9" name="android.tests.AndroidLoginTests" time="137.606" errors="0" timestamp="17 jul. 2022 22:47:45 GMT" skipped="0">
  <testcase classname="android.tests.AndroidLoginTests" name="negativeLoginErrors" time="13.373"/>
  <testcase classname="android.tests.AndroidLoginTests" name="positiveLogin" time="13.007"/>
  <testcase classname="android.tests.AndroidLoginTests" name="negativeLoginErrorsJson" time="12.922"/>
  <testcase classname="android.tests.AndroidLoginTests" name="negativeLoginErrors" time="14.129"/>
  <testcase classname="android.tests.AndroidLoginTests" name="negativeLoginErrorsJson" time="22.373"/>
  <testcase classname="android.tests.AndroidLoginTests" name="negativeLoginErrors" time="13.343"/>
  <testcase classname="android.tests.AndroidLoginTests" name="negativeLoginErrors" time="13.018"/>
  <testcase classname="android.tests.AndroidLoginTests" name="negativeLoginErrorsJson" time="21.999"/>
  <testcase classname="android.tests.AndroidLoginTests" name="negativeLoginErrorsJson" time="13.442"/>
</testsuite> <!-- android.tests.AndroidLoginTests -->
