<?xml version="1.0" encoding="UTF-8"?>
<!-- Generated by org.testng.reporters.JUnitReportReporter -->
<testsuite hostname="MacBook-Pro-de-Juan.local" failures="0" tests="2" name="bettervet.ios.tests.LoginTests" time="26.448" errors="0" timestamp="16 jul. 2022 08:53:51 GMT" skipped="0">
  <testcase classname="bettervet.ios.tests.LoginTests" name="positiveLogin" time="15.110"/>
  <testcase classname="bettervet.ios.tests.LoginTests" name="positiveLogin2" time="11.338"/>
</testsuite> <!-- bettervet.ios.tests.LoginTests -->
