<?xml version="1.0" encoding="UTF-8"?>
<!-- Generated by org.testng.reporters.JUnitReportReporter -->
<testsuite hostname="MacBook-Pro-de-Juan.local" failures="0" tests="2" name="ios.tests.LoginTests" time="27.838" errors="0" timestamp="17 jul. 2022 06:46:46 GMT" skipped="0">
  <testcase classname="ios.tests.LoginTests" name="positiveLogin" time="16.581"/>
  <testcase classname="ios.tests.LoginTests" name="positiveLogin2" time="11.257"/>
</testsuite> <!-- ios.tests.LoginTests -->
