<?xml version="1.0" encoding="UTF-8"?>
<!-- Generated by org.testng.reporters.JUnitReportReporter -->
<testsuite hostname="MacBook-Pro-de-Juan.local" failures="0" tests="2" name="ios.tests.LoginTests" time="28.245" errors="0" timestamp="17 jul. 2022 19:43:29 GMT" skipped="0">
  <testcase classname="ios.tests.LoginTests" name="positiveLogin" time="16.846"/>
  <testcase classname="ios.tests.LoginTests" name="positiveLogin2" time="11.399"/>
</testsuite> <!-- ios.tests.LoginTests -->
