<?xml version="1.0" encoding="UTF-8"?>
<!-- Generated by org.testng.reporters.JUnitReportReporter -->
<testsuite hostname="MacBook-Pro-de-Juan.local" failures="0" tests="2" name="android.tests.AndroidLoginTests" time="21.863" errors="0" timestamp="2022-07-21T03:55:45 ART" skipped="0">
  <testcase classname="android.tests.AndroidLoginTests" name="negativeLoginWithInvalidCredentials" time="9.353"/>
  <system-out/>
  <testcase classname="android.tests.AndroidLoginTests" name="positiveLogin" time="12.510"/>
  <system-out/>
</testsuite> <!-- android.tests.AndroidLoginTests -->
